<?xml version="1.0" encoding="UTF-8"?>
<?rfc toc="yes"?>
<?rfc symrefs="yes"?>
<?rfc tocindent="no"?>
<?rfc toc="yes"?>
<?rfc symrefs="yes"?>
<?rfc tocindent="no"?>
<?rfc comments="yes"?>
<?rfc inline="yes"?>
<!DOCTYPE rfc SYSTEM "rfc2629.dtd">
<rfc docName="draft-doe-something-or-other-00" ipr="trust200902" category="info" updates="RFC2119">
  <front>
    <title abbrev="Skeleton I-D">A Skeleton Internet-Draft Written in LyX</title>
    <author initials="J." surname="Doe" fullname="Jane Doe">
      <organization abbrev="Doe">Doe Corp.</organization>
      <address>
        <postal>
          <street>12345 Some St</street>
          <city>Somewhere</city>
          <region>NY</region>
          <code>10001</code>
          <country>USA</country>
        </postal>
        <email>jane@doecorp.example</email>
      </address>
    </author>
    <author initials="J." surname="Sixpack" fullname="Joe Sixpack"/>
    <date month="January" year="2013"/>
    <area>
Security Area
</area>
    <keyword>Internet-Draft</keyword>
    <abstract>
      <t>
This document proposes a classification scheme for HTTPbis authentication proposals, to help with analysis and selection.</t>
      <t>
Two paragraph abstract, eh?</t>
    </abstract>
  </front>
  <middle>
    <section title="Introduction" anchor="d1e245">
      <t>
A paragraph. Text after a vspace (currently doesn't work due to a bug in LyX's XHTML exporter).</t>
      <t>
Another paragraph.</t>
      <t>
        <cref>
An editorial comment.</cref>
      </t>
      <t>
        <cref>
Another comment.</cref>
      </t>
      <t>
</t>
      <t>
        <figure anchor="magicparlabel-122" title="A figure of some sort">
          <artwork>+=======================+
|     A box             |
|                       |
+=======================+</artwork>
        </figure>
      </t>
      <t>
A numbered list:</t>
      <t>
        <list style="numbers">
          <t>
Item 1...has two paragraphs, in a manner similar to xml2rfc (i.e., with vspace).</t>
          <t>
Item 2 doesn't.</t>
        </list>
      </t>
      <t>
Now an unnumbered list:</t>
      <t>
        <list style="symbols">
          <t>
a bullet

<list style="symbols"><t>
with a nested list!</t></list>
</t>
          <t>
another
<vspace blankLines="1"/>
this one has a nested list with no bulleting. will it do?

<vspace blankLines="1"/>
how about another?
</t>
        </list>
      </t>
      <t>
And:</t>
      <t>
        <list style="symbols">
          <t>
something</t>
          <t>
or other</t>
        </list>
      </t>
      <t>
Now a description list:</t>
      <t>
        <list style="hanging">
          <t hangText="item1">
 description of item 1</t>
          <t hangText="item2">
 description of item 2</t>
        </list>
      </t>
      <section title="Conventions used in this document" anchor="d1e345">
        <t>
The key words "MUST", "MUST NOT", "REQUIRED", "SHALL", "SHALL NOT", "SHOULD", "SHOULD NOT", "RECOMMENDED", "MAY", and "OPTIONAL" in this document are to be interpreted as described in <xref target="RFC2119"/>.</t>
      </section>
    </section>
    <section title="Details" anchor="d1e360">
      <t>
Some text. Here's a protected space, and here's a bunch of them:      , see?</t>
      <section title="A sub-section" anchor="sub_A_sub_section">
        <t>
and</t>
        <section title="A sub-sub-section" anchor="d1e380">
          <t>
cool.</t>
          <t>
Now back to standard paragraphs... And now a table</t>
          <texttable>
            <ttcol align="center">
a</ttcol>
            <ttcol align="center">
b</ttcol>
            <ttcol align="center">
c</ttcol>
            <c>
0</c>
            <c>
stuff</c>
            <c>
what</c>
            <c>
1</c>
            <c>
foo</c>
            <c>
bar</c>
          </texttable>
          <t>
And some text after it. See also section  <xref target="sub_A_sub_section"/>.</t>
        </section>
      </section>
    </section>
  </middle>
  <back>
    <references title="Normative References" anchor="sec_References">
      <reference anchor="RFC2119">
        <front>
          <title abbrev="RFC Key Words">Key words for use in RFCs to Indicate Requirement Levels</title>
          <author initials="S." surname="Bradner" fullname="Scott Bradner">
            <organization>Harvard University</organization>
            <address>
              <postal>
                <street>1350 Mass. Ave.</street>
                <street>Cambridge</street>
                <street>MA 02138</street>
              </postal>
              <phone>- +1 617 495 3864</phone>
              <email>sob@harvard.edu</email>
            </address>
          </author>
          <date year="1997" month="March"/>
          <area>General</area>
          <keyword>keyword</keyword>
          <abstract>
            <t> In many standards track documents several words are used to signify the requirements in the specification. These words are often capitalized. This document defines these words as they should be interpreted in IETF documents. Authors who follow these guidelines should incorporate this phrase near the beginning of their document: <list><t> The key words "MUST", "MUST NOT", "REQUIRED", "SHALL", "SHALL NOT", "SHOULD", "SHOULD NOT", "RECOMMENDED", "MAY", and "OPTIONAL" in this document are to be interpreted as described in RFC 2119. </t></list>
</t>
            <t> Note that the force of these words is modified by the requirement level of the document in which they are used. </t>
          </abstract>
        </front>
        <seriesInfo name="BCP" value="14"/>
        <seriesInfo name="RFC" value="2119"/>
        <format type="TXT" octets="4723" target="http://www.rfc-editor.org/rfc/rfc2119.txt"/>
        <format type="HTML" octets="17970" target="http://xml.resource.org/public/rfc/html/rfc2119.html"/>
        <format type="XML" octets="5777" target="http://xml.resource.org/public/rfc/xml/rfc2119.xml"/>
      </reference>
      <reference anchor="RFC1113">
        <front>
          <title abbrev="Mail Privacy: Procedures">Privacy enhancement for Internet electronic mail: Part I - message encipherment and authentication procedures</title>
          <author initials="J." surname="Linn" fullname="John Linn">
            <organization>Digital Equipment Corporation (DEC), Secure Systems</organization>
            <address>
              <postal>
                <street>85 Swanson Road</street>
                <street>BXB1-2/D04</street>
                <city>Boxborough</city>
                <region>MA</region>
                <code>01719-1326</code>
                <country>US</country>
              </postal>
              <phone>+1 508 264 5491</phone>
              <email>Linn@ultra.enet.dec.com</email>
            </address>
          </author>
          <date year="1989" day="1" month="August"/>
        </front>
        <seriesInfo name="RFC" value="1113"/>
        <format type="TXT" octets="89293" target="http://www.rfc-editor.org/rfc/rfc1113.txt"/>
      </reference>
    </references>
    <section title="First Appendix" anchor="d1e477">
      <t>
Appendici.</t>
      <section title="Sub-Appendix" anchor="d1e486">
        <t>
Whatever.</t>
      </section>
    </section>
    <section title="Last Appendix" anchor="d1e495">
      <t>
Last word.</t>
    </section>
  </back>
</rfc>
